<?xml version="1.0" encoding="UTF-8"?>
<testng-results ignored="0" total="1" passed="1" failed="0" skipped="0">
  <reporter-output>
  </reporter-output>
  <suite started-at="2021-05-13T18:00:41 IST" name="Default suite" finished-at="2021-05-13T18:01:56 IST" duration-ms="74580">
    <groups>
    </groups>
    <test started-at="2021-05-13T18:00:41 IST" name="Default test" finished-at="2021-05-13T18:01:56 IST" duration-ms="74580">
      <class name="UserActions.ChequeBookRequest">
        <test-method signature="chequeBookRequest()[pri:0, instance:UserActions.ChequeBookRequest@4278a03f]" started-at="2021-05-13T18:00:41 IST" name="chequeBookRequest" finished-at="2021-05-13T18:01:56 IST" duration-ms="74517" status="PASS">
          <reporter-output>
          </reporter-output>
        </test-method> <!-- chequeBookRequest -->
      </class> <!-- UserActions.ChequeBookRequest -->
    </test> <!-- Default test -->
  </suite> <!-- Default suite -->
</testng-results>
